全部更新完成

index-[初次]编译成功

error-[初次]编译成功

全部更新完成

error-[更新]编译成功

index-[更新]编译成功

全部更新完成

error-[更新]编译成功

index-[更新]编译成功

全部更新完成

error-[更新]编译成功

index-[更新]编译成功

全部更新完成

error-[更新]编译成功

index-[更新]编译成功

全部更新完成

error-[初次]编译成功

index-[初次]编译成功

全部更新完成

error-[更新]编译成功

index-[更新]编译成功

全部更新完成

error-[更新]编译成功

index-[更新]编译成功

全部更新完成

error-[更新]编译成功

index-[更新]编译成功

全部更新完成

error-[更新]编译成功

index-[更新]编译成功

全部更新完成

error-[更新]编译成功

index-[更新]编译成功

全部更新完成

error-[更新]编译成功

index-[更新]编译成功

全部更新完成

error-[更新]编译成功

index-[更新]编译成功

全部更新完成

error-[更新]编译成功

index-[更新]编译成功

全部更新完成

error-[更新]编译成功

index-[更新]编译成功

全部更新完成

全部更新完成

error-[更新]编译成功

index-[更新]编译成功

全部更新完成

全部更新完成

error-[更新]编译成功

index-[更新]编译成功

全部更新完成

全部更新完成

error-[更新]编译成功

index-[更新]编译成功

全部更新完成

全部更新完成

error-[更新]编译成功

index-[更新]编译成功

全部更新完成

全部更新完成

error-[更新]编译成功

index-[更新]编译成功

全部更新完成

全部更新完成

error-[更新]编译成功

index-[更新]编译成功

全部更新完成

全部更新完成

error-[更新]编译成功

index-[更新]编译成功

全部更新完成

全部更新完成

error-[更新]编译成功

index-[更新]编译成功

全部更新完成

全部更新完成

error-[更新]编译成功

index-[更新]编译成功

全部更新完成

全部更新完成

error-[更新]编译成功

index-[更新]编译成功

全部更新完成

全部更新完成

error-[更新]编译成功

index-[更新]编译成功

全部更新完成

全部更新完成

error-[更新]编译成功

index-[更新]编译成功

全部更新完成

全部更新完成

error-[更新]编译成功

index-[更新]编译成功

全部更新完成

全部更新完成

error-[更新]编译成功

index-[更新]编译成功

全部更新完成

全部更新完成

error-[更新]编译成功

index-[更新]编译成功

全部更新完成

全部更新完成

error-[更新]编译成功

index-[更新]编译成功

全部更新完成

全部更新完成

error-[更新]编译成功

index-[更新]编译成功

全部更新完成

全部更新完成

error-[更新]编译成功

index-[更新]编译成功

全部更新完成

全部更新完成

error-[更新]编译成功

index-[更新]编译成功

全部更新完成

全部更新完成

error-[更新]编译成功

index-[更新]编译成功

全部更新完成

全部更新完成

error-[更新]编译成功

index-[更新]编译成功

全部更新完成

全部更新完成

error-[更新]编译成功

index-[更新]编译成功

全部更新完成

全部更新完成

error-[更新]编译成功

index-[更新]编译成功

全部更新完成

全部更新完成

error-[更新]编译成功

index-[更新]编译成功

全部更新完成

全部更新完成

error-[更新]编译成功

index-[更新]编译成功

全部更新完成

全部更新完成

error-[更新]编译成功

index-[更新]编译成功

全部更新完成

全部更新完成

error-[更新]编译成功

index-[更新]编译成功

全部更新完成

全部更新完成

error-[更新]编译成功

index-[更新]编译成功

全部更新完成

全部更新完成

error-[更新]编译成功

index-[更新]编译成功

2015-12-31 19:03:41	全部更新完成

2015-12-31 19:03:41	全部更新完成

2015-12-31 19:03:41	error-[更新]编译成功

2015-12-31 19:03:41	index-[更新]编译成功

2015-12-31 19:15:24	全部更新完成

2015-12-31 19:15:24	全部更新完成

2015-12-31 19:15:24	error-[更新]编译成功

2015-12-31 19:15:24	index-[更新]编译成功

